<?xml version="1.0" encoding="UTF-8"?>
<!-- Generated by org.testng.reporters.JUnitReportReporter -->
<testsuite hostname="LAPTOP-GVHSBO7Q" failures="0" tests="6" name="com.tuempresa.tests.LoginTest" time="62.980" errors="0" timestamp="2025-08-02T14:03:34 CLT" skipped="0">
  <testcase classname="com.tuempresa.tests.LoginTest" name="testLoginExitoso" time="13.448"/>
  <testcase classname="com.tuempresa.tests.LoginTest" name="testLoginFallido" time="5.178"/>
  <testcase classname="com.tuempresa.tests.LoginTest" name="testLoginFallidoMultiplesIntentos" time="16.763"/>
  <testcase classname="com.tuempresa.tests.LoginTest" name="testLoginExitoso" time="7.166"/>
  <testcase classname="com.tuempresa.tests.LoginTest" name="testLoginFallidoMultiplesIntentos" time="6.761"/>
  <testcase classname="com.tuempresa.tests.LoginTest" name="testLoginFallido" time="13.664"/>
</testsuite> <!-- com.tuempresa.tests.LoginTest -->
