<?xml version="1.0" encoding="UTF-8"?>
<!-- Generated by org.testng.reporters.JUnitReportReporter -->
<testsuite hostname="LAPTOP-GVHSBO7Q" failures="0" tests="6" name="com.tuempresa.tests.LoginTest" time="63.643" errors="0" timestamp="2025-08-02T16:19:45 CLT" skipped="0">
  <testcase classname="com.tuempresa.tests.LoginTest" name="testLoginExitoso" time="5.897"/>
  <testcase classname="com.tuempresa.tests.LoginTest" name="testLoginExitoso" time="11.890"/>
  <testcase classname="com.tuempresa.tests.LoginTest" name="testLoginFallido" time="7.249"/>
  <testcase classname="com.tuempresa.tests.LoginTest" name="testLoginFallidoMultiplesIntentos" time="14.334"/>
  <testcase classname="com.tuempresa.tests.LoginTest" name="testLoginFallidoMultiplesIntentos" time="8.080"/>
  <testcase classname="com.tuempresa.tests.LoginTest" name="testLoginFallido" time="16.193"/>
</testsuite> <!-- com.tuempresa.tests.LoginTest -->
