<?xml version="1.0" encoding="UTF-8"?>
<!-- Generated by org.testng.reporters.JUnitReportReporter -->
<testsuite hostname="LAPTOP-GVHSBO7Q" failures="0" tests="12" name="com.tuempresa.tests.RegistroTest" time="119.678" errors="0" timestamp="2025-08-02T16:19:45 CLT" skipped="0">
  <testcase classname="com.tuempresa.tests.RegistroTest" name="testRegistro" time="5.420"/>
  <testcase classname="com.tuempresa.tests.RegistroTest" name="testRegistro" time="4.808"/>
  <testcase classname="com.tuempresa.tests.RegistroTest" name="testRegistro" time="4.683"/>
  <testcase classname="com.tuempresa.tests.RegistroTest" name="testRegistro" time="5.006"/>
  <testcase classname="com.tuempresa.tests.RegistroTest" name="testRegistro" time="12.534"/>
  <testcase classname="com.tuempresa.tests.RegistroTest" name="testRegistro" time="14.953"/>
  <testcase classname="com.tuempresa.tests.RegistroTest" name="testRegistro" time="4.564"/>
  <testcase classname="com.tuempresa.tests.RegistroTest" name="testRegistro" time="12.071"/>
  <testcase classname="com.tuempresa.tests.RegistroTest" name="testRegistro" time="22.025"/>
  <testcase classname="com.tuempresa.tests.RegistroTest" name="testRegistro" time="12.399"/>
  <testcase classname="com.tuempresa.tests.RegistroTest" name="testRegistro" time="12.045"/>
  <testcase classname="com.tuempresa.tests.RegistroTest" name="testRegistro" time="9.170"/>
</testsuite> <!-- com.tuempresa.tests.RegistroTest -->
