<?xml version="1.0" encoding="UTF-8"?>
<!-- Generated by org.testng.reporters.JUnitReportReporter -->
<testsuite hostname="LAPTOP-GVHSBO7Q" failures="0" tests="6" name="com.tuempresa.tests.LoginTest" time="58.321" errors="0" timestamp="2025-08-02T12:26:31 CLT" skipped="0">
  <testcase classname="com.tuempresa.tests.LoginTest" name="testLoginExitoso" time="5.226"/>
  <testcase classname="com.tuempresa.tests.LoginTest" name="testLoginFallidoMultiplesIntentos" time="15.629"/>
  <testcase classname="com.tuempresa.tests.LoginTest" name="testLoginFallido" time="12.120"/>
  <testcase classname="com.tuempresa.tests.LoginTest" name="testLoginExitoso" time="12.719"/>
  <testcase classname="com.tuempresa.tests.LoginTest" name="testLoginFallido" time="5.881"/>
  <testcase classname="com.tuempresa.tests.LoginTest" name="testLoginFallidoMultiplesIntentos" time="6.746"/>
</testsuite> <!-- com.tuempresa.tests.LoginTest -->
