<?xml version="1.0" encoding="UTF-8"?>
<!-- Generated by org.testng.reporters.JUnitReportReporter -->
<testsuite hostname="LAPTOP-GVHSBO7Q" failures="0" tests="12" name="com.tuempresa.tests.RegistroTest" time="123.957" errors="0" timestamp="2025-08-02T14:03:34 CLT" skipped="0">
  <testcase classname="com.tuempresa.tests.RegistroTest" name="testRegistro" time="11.972"/>
  <testcase classname="com.tuempresa.tests.RegistroTest" name="testRegistro" time="4.771"/>
  <testcase classname="com.tuempresa.tests.RegistroTest" name="testRegistro" time="12.722"/>
  <testcase classname="com.tuempresa.tests.RegistroTest" name="testRegistro" time="5.152"/>
  <testcase classname="com.tuempresa.tests.RegistroTest" name="testRegistro" time="14.672"/>
  <testcase classname="com.tuempresa.tests.RegistroTest" name="testRegistro" time="5.242"/>
  <testcase classname="com.tuempresa.tests.RegistroTest" name="testRegistro" time="12.495"/>
  <testcase classname="com.tuempresa.tests.RegistroTest" name="testRegistro" time="12.609"/>
  <testcase classname="com.tuempresa.tests.RegistroTest" name="testRegistro" time="4.882"/>
  <testcase classname="com.tuempresa.tests.RegistroTest" name="testRegistro" time="11.338"/>
  <testcase classname="com.tuempresa.tests.RegistroTest" name="testRegistro" time="22.012"/>
  <testcase classname="com.tuempresa.tests.RegistroTest" name="testRegistro" time="6.090"/>
</testsuite> <!-- com.tuempresa.tests.RegistroTest -->
