<?xml version="1.0" encoding="UTF-8"?>
<!-- Generated by org.testng.reporters.JUnitReportReporter -->
<testsuite hostname="LAPTOP-GVHSBO7Q" failures="0" tests="12" name="com.tuempresa.tests.RegistroTest" time="119.427" errors="0" timestamp="2025-08-02T12:26:31 CLT" skipped="0">
  <testcase classname="com.tuempresa.tests.RegistroTest" name="testRegistro" time="10.583"/>
  <testcase classname="com.tuempresa.tests.RegistroTest" name="testRegistro" time="12.491"/>
  <testcase classname="com.tuempresa.tests.RegistroTest" name="testRegistro" time="4.888"/>
  <testcase classname="com.tuempresa.tests.RegistroTest" name="testRegistro" time="5.595"/>
  <testcase classname="com.tuempresa.tests.RegistroTest" name="testRegistro" time="4.997"/>
  <testcase classname="com.tuempresa.tests.RegistroTest" name="testRegistro" time="11.995"/>
  <testcase classname="com.tuempresa.tests.RegistroTest" name="testRegistro" time="21.308"/>
  <testcase classname="com.tuempresa.tests.RegistroTest" name="testRegistro" time="4.783"/>
  <testcase classname="com.tuempresa.tests.RegistroTest" name="testRegistro" time="4.698"/>
  <testcase classname="com.tuempresa.tests.RegistroTest" name="testRegistro" time="11.804"/>
  <testcase classname="com.tuempresa.tests.RegistroTest" name="testRegistro" time="11.517"/>
  <testcase classname="com.tuempresa.tests.RegistroTest" name="testRegistro" time="14.768"/>
</testsuite> <!-- com.tuempresa.tests.RegistroTest -->
